<?xml version="1.0" encoding="UTF-8" standalone="yes"?>
<ns2:test-suite start="1520830479646" stop="1520830480069" version="1.5.2" xmlns:ns2="urn:model.allure.qatools.yandex.ru">
    <name>Pruebas de Aritmetica : Prueba de operaciones basicas[numero1=1, numero2=2]</name>
    <title>Pruebas de Aritmetica : Prueba de operaciones basicas[numero1=1, numero2=2]</title>
    <test-cases>
        <test-case start="1520830479880" stop="1520830479885" status="passed">
            <name>testDivision</name>
            <title>Prueba dividir</title>
            <steps/>
            <attachments/>
            <labels>
                <label name="testSuite" value="Pruebas de Aritmetica"/>
                <label name="testGroup" value="Prueba de operaciones basicas"/>
                <label name="testClass" value="PracticaEclipse.Unitarias.AritmeticaTest"/>
                <label name="testMethod" value="testDivision"/>
                <label name="host" value="OCTI107.local"/>
                <label name="thread" value="5368@OCTI107.local.main(1)"/>
            </labels>
        </test-case>
        <test-case start="1520830479880" stop="1520830479885" status="passed">
            <name>testDivision</name>
            <title>Prueba dividir</title>
            <steps/>
            <attachments/>
            <labels>
                <label name="testSuite" value="Pruebas de Aritmetica"/>
                <label name="testGroup" value="Prueba de operaciones basicas"/>
                <label name="testClass" value="PracticaEclipse.Unitarias.AritmeticaTest"/>
                <label name="testMethod" value="testDivision"/>
                <label name="host" value="OCTI107.local"/>
                <label name="thread" value="5368@OCTI107.local.main(1)"/>
            </labels>
        </test-case>
        <test-case start="1520830479893" stop="1520830479893" status="passed">
            <name>testMultiplicacion</name>
            <title>Prueba multiplicar</title>
            <steps/>
            <attachments/>
            <labels>
                <label name="testSuite" value="Pruebas de Aritmetica"/>
                <label name="testGroup" value="Prueba de operaciones basicas"/>
                <label name="testClass" value="PracticaEclipse.Unitarias.AritmeticaTest"/>
                <label name="testMethod" value="testMultiplicacion"/>
                <label name="host" value="OCTI107.local"/>
                <label name="thread" value="5368@OCTI107.local.main(1)"/>
            </labels>
        </test-case>
        <test-case start="1520830479893" stop="1520830479893" status="passed">
            <name>testMultiplicacion</name>
            <title>Prueba multiplicar</title>
            <steps/>
            <attachments/>
            <labels>
                <label name="testSuite" value="Pruebas de Aritmetica"/>
                <label name="testGroup" value="Prueba de operaciones basicas"/>
                <label name="testClass" value="PracticaEclipse.Unitarias.AritmeticaTest"/>
                <label name="testMethod" value="testMultiplicacion"/>
                <label name="host" value="OCTI107.local"/>
                <label name="thread" value="5368@OCTI107.local.main(1)"/>
            </labels>
        </test-case>
        <test-case start="1520830479899" stop="1520830480037" status="failed">
            <name>testMultiplicacion2</name>
            <title>Prueba multiplicar por 2</title>
            <failure>
                <message>AssertionError: No da el mismo resultado se esperaba: 4</message>
                <stack-trace>java.lang.AssertionError: No da el mismo resultado se esperaba: 4
	at org.testng.Assert.fail(Assert.java:94)
	at PracticaEclipse.Unitarias.AritmeticaTest.testMultiplicacion2(AritmeticaTest.java:78)
	at sun.reflect.NativeMethodAccessorImpl.invoke0(Native Method)
	at sun.reflect.NativeMethodAccessorImpl.invoke(NativeMethodAccessorImpl.java:62)
	at sun.reflect.DelegatingMethodAccessorImpl.invoke(DelegatingMethodAccessorImpl.java:43)
	at java.lang.reflect.Method.invoke(Method.java:498)
	at org.testng.internal.MethodInvocationHelper.invokeMethod(MethodInvocationHelper.java:80)
	at org.testng.internal.Invoker.invokeMethod(Invoker.java:714)
	at org.testng.internal.Invoker.invokeTestMethod(Invoker.java:901)
	at org.testng.internal.Invoker.invokeTestMethods(Invoker.java:1231)
	at org.testng.internal.TestMethodWorker.invokeTestMethods(TestMethodWorker.java:127)
	at org.testng.internal.TestMethodWorker.run(TestMethodWorker.java:111)
	at org.testng.TestRunner.privateRun(TestRunner.java:767)
	at org.testng.TestRunner.run(TestRunner.java:617)
	at org.testng.SuiteRunner.runTest(SuiteRunner.java:334)
	at org.testng.SuiteRunner.runSequentially(SuiteRunner.java:329)
	at org.testng.SuiteRunner.privateRun(SuiteRunner.java:291)
	at org.testng.SuiteRunner.run(SuiteRunner.java:240)
	at org.testng.SuiteRunnerWorker.runSuite(SuiteRunnerWorker.java:52)
	at org.testng.SuiteRunnerWorker.run(SuiteRunnerWorker.java:86)
	at org.testng.TestNG.runSuitesSequentially(TestNG.java:1198)
	at org.testng.TestNG.runSuitesSequentially(TestNG.java:1194)
	at org.testng.TestNG.runSuitesLocally(TestNG.java:1123)
	at org.testng.TestNG.run(TestNG.java:1031)
	at org.testng.remote.AbstractRemoteTestNG.run(AbstractRemoteTestNG.java:114)
	at org.testng.remote.RemoteTestNG.initAndRun(RemoteTestNG.java:251)
	at org.testng.remote.RemoteTestNG.main(RemoteTestNG.java:77)
</stack-trace>
            </failure>
            <steps/>
            <attachments>
                <attachment title="Resultado de Multiplicacion" source="c79b49c6-b652-455c-9568-caaa9e677e8f-attachment.txt" type="text/plain"/>
            </attachments>
            <labels>
                <label name="testSuite" value="Pruebas de Aritmetica"/>
                <label name="testGroup" value="Prueba de operaciones basicas"/>
                <label name="testClass" value="PracticaEclipse.Unitarias.AritmeticaTest"/>
                <label name="testMethod" value="testMultiplicacion2"/>
                <label name="host" value="OCTI107.local"/>
                <label name="thread" value="5368@OCTI107.local.main(1)"/>
            </labels>
        </test-case>
        <test-case start="1520830479899" stop="1520830480037" status="failed">
            <name>testMultiplicacion2</name>
            <title>Prueba multiplicar por 2</title>
            <failure>
                <message>AssertionError: No da el mismo resultado se esperaba: 4</message>
                <stack-trace>java.lang.AssertionError: No da el mismo resultado se esperaba: 4
	at org.testng.Assert.fail(Assert.java:94)
	at PracticaEclipse.Unitarias.AritmeticaTest.testMultiplicacion2(AritmeticaTest.java:78)
	at sun.reflect.NativeMethodAccessorImpl.invoke0(Native Method)
	at sun.reflect.NativeMethodAccessorImpl.invoke(NativeMethodAccessorImpl.java:62)
	at sun.reflect.DelegatingMethodAccessorImpl.invoke(DelegatingMethodAccessorImpl.java:43)
	at java.lang.reflect.Method.invoke(Method.java:498)
	at org.testng.internal.MethodInvocationHelper.invokeMethod(MethodInvocationHelper.java:80)
	at org.testng.internal.Invoker.invokeMethod(Invoker.java:714)
	at org.testng.internal.Invoker.invokeTestMethod(Invoker.java:901)
	at org.testng.internal.Invoker.invokeTestMethods(Invoker.java:1231)
	at org.testng.internal.TestMethodWorker.invokeTestMethods(TestMethodWorker.java:127)
	at org.testng.internal.TestMethodWorker.run(TestMethodWorker.java:111)
	at org.testng.TestRunner.privateRun(TestRunner.java:767)
	at org.testng.TestRunner.run(TestRunner.java:617)
	at org.testng.SuiteRunner.runTest(SuiteRunner.java:334)
	at org.testng.SuiteRunner.runSequentially(SuiteRunner.java:329)
	at org.testng.SuiteRunner.privateRun(SuiteRunner.java:291)
	at org.testng.SuiteRunner.run(SuiteRunner.java:240)
	at org.testng.SuiteRunnerWorker.runSuite(SuiteRunnerWorker.java:52)
	at org.testng.SuiteRunnerWorker.run(SuiteRunnerWorker.java:86)
	at org.testng.TestNG.runSuitesSequentially(TestNG.java:1198)
	at org.testng.TestNG.runSuitesSequentially(TestNG.java:1194)
	at org.testng.TestNG.runSuitesLocally(TestNG.java:1123)
	at org.testng.TestNG.run(TestNG.java:1031)
	at org.testng.remote.AbstractRemoteTestNG.run(AbstractRemoteTestNG.java:114)
	at org.testng.remote.RemoteTestNG.initAndRun(RemoteTestNG.java:251)
	at org.testng.remote.RemoteTestNG.main(RemoteTestNG.java:77)
</stack-trace>
            </failure>
            <steps/>
            <attachments>
                <attachment title="Resultado de Multiplicacion" source="c79b49c6-b652-455c-9568-caaa9e677e8f-attachment.txt" type="text/plain"/>
            </attachments>
            <labels>
                <label name="testSuite" value="Pruebas de Aritmetica"/>
                <label name="testGroup" value="Prueba de operaciones basicas"/>
                <label name="testClass" value="PracticaEclipse.Unitarias.AritmeticaTest"/>
                <label name="testMethod" value="testMultiplicacion2"/>
                <label name="host" value="OCTI107.local"/>
                <label name="thread" value="5368@OCTI107.local.main(1)"/>
            </labels>
        </test-case>
        <test-case start="1520830480042" stop="1520830480044" status="failed">
            <name>testResta</name>
            <title>Prueba resta</title>
            <failure>
                <message>AssertionError: No da el mismo resultado se espereba: 5</message>
                <stack-trace>java.lang.AssertionError: No da el mismo resultado se espereba: 5
	at org.testng.Assert.fail(Assert.java:94)
	at PracticaEclipse.Unitarias.AritmeticaTest.testResta(AritmeticaTest.java:44)
	at sun.reflect.NativeMethodAccessorImpl.invoke0(Native Method)
	at sun.reflect.NativeMethodAccessorImpl.invoke(NativeMethodAccessorImpl.java:62)
	at sun.reflect.DelegatingMethodAccessorImpl.invoke(DelegatingMethodAccessorImpl.java:43)
	at java.lang.reflect.Method.invoke(Method.java:498)
	at org.testng.internal.MethodInvocationHelper.invokeMethod(MethodInvocationHelper.java:80)
	at org.testng.internal.Invoker.invokeMethod(Invoker.java:714)
	at org.testng.internal.Invoker.invokeTestMethod(Invoker.java:901)
	at org.testng.internal.Invoker.invokeTestMethods(Invoker.java:1231)
	at org.testng.internal.TestMethodWorker.invokeTestMethods(TestMethodWorker.java:127)
	at org.testng.internal.TestMethodWorker.run(TestMethodWorker.java:111)
	at org.testng.TestRunner.privateRun(TestRunner.java:767)
	at org.testng.TestRunner.run(TestRunner.java:617)
	at org.testng.SuiteRunner.runTest(SuiteRunner.java:334)
	at org.testng.SuiteRunner.runSequentially(SuiteRunner.java:329)
	at org.testng.SuiteRunner.privateRun(SuiteRunner.java:291)
	at org.testng.SuiteRunner.run(SuiteRunner.java:240)
	at org.testng.SuiteRunnerWorker.runSuite(SuiteRunnerWorker.java:52)
	at org.testng.SuiteRunnerWorker.run(SuiteRunnerWorker.java:86)
	at org.testng.TestNG.runSuitesSequentially(TestNG.java:1198)
	at org.testng.TestNG.runSuitesSequentially(TestNG.java:1194)
	at org.testng.TestNG.runSuitesLocally(TestNG.java:1123)
	at org.testng.TestNG.run(TestNG.java:1031)
	at org.testng.remote.AbstractRemoteTestNG.run(AbstractRemoteTestNG.java:114)
	at org.testng.remote.RemoteTestNG.initAndRun(RemoteTestNG.java:251)
	at org.testng.remote.RemoteTestNG.main(RemoteTestNG.java:77)
</stack-trace>
            </failure>
            <steps/>
            <attachments>
                <attachment title="Resultado resta" source="e09440a8-439e-4d97-adaf-b5de48dfee4d-attachment.txt" type="text/plain"/>
            </attachments>
            <labels>
                <label name="testSuite" value="Pruebas de Aritmetica"/>
                <label name="testGroup" value="Prueba de operaciones basicas"/>
                <label name="testClass" value="PracticaEclipse.Unitarias.AritmeticaTest"/>
                <label name="testMethod" value="testResta"/>
                <label name="host" value="OCTI107.local"/>
                <label name="thread" value="5368@OCTI107.local.main(1)"/>
            </labels>
        </test-case>
        <test-case start="1520830480042" stop="1520830480044" status="failed">
            <name>testResta</name>
            <title>Prueba resta</title>
            <failure>
                <message>AssertionError: No da el mismo resultado se espereba: 5</message>
                <stack-trace>java.lang.AssertionError: No da el mismo resultado se espereba: 5
	at org.testng.Assert.fail(Assert.java:94)
	at PracticaEclipse.Unitarias.AritmeticaTest.testResta(AritmeticaTest.java:44)
	at sun.reflect.NativeMethodAccessorImpl.invoke0(Native Method)
	at sun.reflect.NativeMethodAccessorImpl.invoke(NativeMethodAccessorImpl.java:62)
	at sun.reflect.DelegatingMethodAccessorImpl.invoke(DelegatingMethodAccessorImpl.java:43)
	at java.lang.reflect.Method.invoke(Method.java:498)
	at org.testng.internal.MethodInvocationHelper.invokeMethod(MethodInvocationHelper.java:80)
	at org.testng.internal.Invoker.invokeMethod(Invoker.java:714)
	at org.testng.internal.Invoker.invokeTestMethod(Invoker.java:901)
	at org.testng.internal.Invoker.invokeTestMethods(Invoker.java:1231)
	at org.testng.internal.TestMethodWorker.invokeTestMethods(TestMethodWorker.java:127)
	at org.testng.internal.TestMethodWorker.run(TestMethodWorker.java:111)
	at org.testng.TestRunner.privateRun(TestRunner.java:767)
	at org.testng.TestRunner.run(TestRunner.java:617)
	at org.testng.SuiteRunner.runTest(SuiteRunner.java:334)
	at org.testng.SuiteRunner.runSequentially(SuiteRunner.java:329)
	at org.testng.SuiteRunner.privateRun(SuiteRunner.java:291)
	at org.testng.SuiteRunner.run(SuiteRunner.java:240)
	at org.testng.SuiteRunnerWorker.runSuite(SuiteRunnerWorker.java:52)
	at org.testng.SuiteRunnerWorker.run(SuiteRunnerWorker.java:86)
	at org.testng.TestNG.runSuitesSequentially(TestNG.java:1198)
	at org.testng.TestNG.runSuitesSequentially(TestNG.java:1194)
	at org.testng.TestNG.runSuitesLocally(TestNG.java:1123)
	at org.testng.TestNG.run(TestNG.java:1031)
	at org.testng.remote.AbstractRemoteTestNG.run(AbstractRemoteTestNG.java:114)
	at org.testng.remote.RemoteTestNG.initAndRun(RemoteTestNG.java:251)
	at org.testng.remote.RemoteTestNG.main(RemoteTestNG.java:77)
</stack-trace>
            </failure>
            <steps/>
            <attachments>
                <attachment title="Resultado resta" source="e09440a8-439e-4d97-adaf-b5de48dfee4d-attachment.txt" type="text/plain"/>
            </attachments>
            <labels>
                <label name="testSuite" value="Pruebas de Aritmetica"/>
                <label name="testGroup" value="Prueba de operaciones basicas"/>
                <label name="testClass" value="PracticaEclipse.Unitarias.AritmeticaTest"/>
                <label name="testMethod" value="testResta"/>
                <label name="host" value="OCTI107.local"/>
                <label name="thread" value="5368@OCTI107.local.main(1)"/>
            </labels>
        </test-case>
        <test-case start="1520830480050" stop="1520830480050" status="passed">
            <name>testSuma</name>
            <title>Prueba de Suma</title>
            <steps/>
            <attachments/>
            <labels>
                <label name="testSuite" value="Pruebas de Aritmetica"/>
                <label name="testGroup" value="Prueba de operaciones basicas"/>
                <label name="testClass" value="PracticaEclipse.Unitarias.AritmeticaTest"/>
                <label name="testMethod" value="testSuma"/>
                <label name="host" value="OCTI107.local"/>
                <label name="thread" value="5368@OCTI107.local.main(1)"/>
            </labels>
        </test-case>
        <test-case start="1520830480050" stop="1520830480050" status="passed">
            <name>testSuma</name>
            <title>Prueba de Suma</title>
            <steps/>
            <attachments/>
            <labels>
                <label name="testSuite" value="Pruebas de Aritmetica"/>
                <label name="testGroup" value="Prueba de operaciones basicas"/>
                <label name="testClass" value="PracticaEclipse.Unitarias.AritmeticaTest"/>
                <label name="testMethod" value="testSuma"/>
                <label name="host" value="OCTI107.local"/>
                <label name="thread" value="5368@OCTI107.local.main(1)"/>
            </labels>
        </test-case>
    </test-cases>
    <labels>
        <label name="framework" value="TestNG"/>
        <label name="language" value="JAVA"/>
    </labels>
</ns2:test-suite>
