<?xml version="1.0" encoding="UTF-8" standalone="yes"?>
<ns2:test-suite start="1520831955095" stop="1520831955565" version="1.5.2" xmlns:ns2="urn:model.allure.qatools.yandex.ru">
    <name>Pruebas de Aritmetica : Prueba de operaciones basicas[numero1=1, numero2=2]</name>
    <title>Pruebas de Aritmetica : Prueba de operaciones basicas[numero1=1, numero2=2]</title>
    <test-cases>
        <test-case start="1520831955373" stop="1520831955380" status="passed">
            <name>testDivision</name>
            <title>Prueba dividir</title>
            <steps/>
            <attachments/>
            <labels>
                <label name="testSuite" value="Pruebas de Aritmetica"/>
                <label name="testGroup" value="Prueba de operaciones basicas"/>
                <label name="testClass" value="PracticaEclipse.Unitarias.AritmeticaTest"/>
                <label name="testMethod" value="testDivision"/>
                <label name="host" value="OCTI107.local"/>
                <label name="thread" value="5641@OCTI107.local.main(1)"/>
            </labels>
        </test-case>
        <test-case start="1520831955373" stop="1520831955380" status="passed">
            <name>testDivision</name>
            <title>Prueba dividir</title>
            <steps/>
            <attachments/>
            <labels>
                <label name="testSuite" value="Pruebas de Aritmetica"/>
                <label name="testGroup" value="Prueba de operaciones basicas"/>
                <label name="testClass" value="PracticaEclipse.Unitarias.AritmeticaTest"/>
                <label name="testMethod" value="testDivision"/>
                <label name="host" value="OCTI107.local"/>
                <label name="thread" value="5641@OCTI107.local.main(1)"/>
            </labels>
        </test-case>
        <test-case start="1520831955387" stop="1520831955387" status="passed">
            <name>testMultiplicacion</name>
            <title>Prueba multiplicar</title>
            <steps/>
            <attachments/>
            <labels>
                <label name="testSuite" value="Pruebas de Aritmetica"/>
                <label name="testGroup" value="Prueba de operaciones basicas"/>
                <label name="testClass" value="PracticaEclipse.Unitarias.AritmeticaTest"/>
                <label name="testMethod" value="testMultiplicacion"/>
                <label name="host" value="OCTI107.local"/>
                <label name="thread" value="5641@OCTI107.local.main(1)"/>
            </labels>
        </test-case>
        <test-case start="1520831955387" stop="1520831955387" status="passed">
            <name>testMultiplicacion</name>
            <title>Prueba multiplicar</title>
            <steps/>
            <attachments/>
            <labels>
                <label name="testSuite" value="Pruebas de Aritmetica"/>
                <label name="testGroup" value="Prueba de operaciones basicas"/>
                <label name="testClass" value="PracticaEclipse.Unitarias.AritmeticaTest"/>
                <label name="testMethod" value="testMultiplicacion"/>
                <label name="host" value="OCTI107.local"/>
                <label name="thread" value="5641@OCTI107.local.main(1)"/>
            </labels>
        </test-case>
        <test-case start="1520831955391" stop="1520831955528" status="failed">
            <name>testMultiplicacion2</name>
            <title>Prueba multiplicar por 2</title>
            <failure>
                <message>AssertionError: No da el mismo resultado se esperaba: 4</message>
                <stack-trace>java.lang.AssertionError: No da el mismo resultado se esperaba: 4
	at org.testng.Assert.fail(Assert.java:94)
	at PracticaEclipse.Unitarias.AritmeticaTest.testMultiplicacion2(AritmeticaTest.java:78)
	at sun.reflect.NativeMethodAccessorImpl.invoke0(Native Method)
	at sun.reflect.NativeMethodAccessorImpl.invoke(NativeMethodAccessorImpl.java:62)
	at sun.reflect.DelegatingMethodAccessorImpl.invoke(DelegatingMethodAccessorImpl.java:43)
	at java.lang.reflect.Method.invoke(Method.java:498)
	at org.testng.internal.MethodInvocationHelper.invokeMethod(MethodInvocationHelper.java:85)
	at org.testng.internal.Invoker.invokeMethod(Invoker.java:639)
	at org.testng.internal.Invoker.invokeTestMethod(Invoker.java:816)
	at org.testng.internal.Invoker.invokeTestMethods(Invoker.java:1124)
	at org.testng.internal.TestMethodWorker.invokeTestMethods(TestMethodWorker.java:125)
	at org.testng.internal.TestMethodWorker.run(TestMethodWorker.java:108)
	at org.testng.TestRunner.privateRun(TestRunner.java:774)
	at org.testng.TestRunner.run(TestRunner.java:624)
	at org.testng.SuiteRunner.runTest(SuiteRunner.java:359)
	at org.testng.SuiteRunner.runSequentially(SuiteRunner.java:354)
	at org.testng.SuiteRunner.privateRun(SuiteRunner.java:312)
	at org.testng.SuiteRunner.run(SuiteRunner.java:261)
	at org.testng.SuiteRunnerWorker.runSuite(SuiteRunnerWorker.java:52)
	at org.testng.SuiteRunnerWorker.run(SuiteRunnerWorker.java:86)
	at org.testng.TestNG.runSuitesSequentially(TestNG.java:1191)
	at org.testng.TestNG.runSuitesSequentially(TestNG.java:1187)
	at org.testng.TestNG.runSuitesLocally(TestNG.java:1116)
	at org.testng.TestNG.run(TestNG.java:1024)
	at org.testng.remote.AbstractRemoteTestNG.run(AbstractRemoteTestNG.java:114)
	at org.testng.remote.RemoteTestNG.initAndRun(RemoteTestNG.java:251)
	at org.testng.remote.RemoteTestNG.main(RemoteTestNG.java:77)
</stack-trace>
            </failure>
            <steps/>
            <attachments>
                <attachment title="Resultado de Multiplicacion" source="2602218a-36ea-4a68-b149-db8a545dec04-attachment.txt" type="text/plain"/>
            </attachments>
            <labels>
                <label name="testSuite" value="Pruebas de Aritmetica"/>
                <label name="testGroup" value="Prueba de operaciones basicas"/>
                <label name="testClass" value="PracticaEclipse.Unitarias.AritmeticaTest"/>
                <label name="testMethod" value="testMultiplicacion2"/>
                <label name="host" value="OCTI107.local"/>
                <label name="thread" value="5641@OCTI107.local.main(1)"/>
            </labels>
        </test-case>
        <test-case start="1520831955391" stop="1520831955528" status="failed">
            <name>testMultiplicacion2</name>
            <title>Prueba multiplicar por 2</title>
            <failure>
                <message>AssertionError: No da el mismo resultado se esperaba: 4</message>
                <stack-trace>java.lang.AssertionError: No da el mismo resultado se esperaba: 4
	at org.testng.Assert.fail(Assert.java:94)
	at PracticaEclipse.Unitarias.AritmeticaTest.testMultiplicacion2(AritmeticaTest.java:78)
	at sun.reflect.NativeMethodAccessorImpl.invoke0(Native Method)
	at sun.reflect.NativeMethodAccessorImpl.invoke(NativeMethodAccessorImpl.java:62)
	at sun.reflect.DelegatingMethodAccessorImpl.invoke(DelegatingMethodAccessorImpl.java:43)
	at java.lang.reflect.Method.invoke(Method.java:498)
	at org.testng.internal.MethodInvocationHelper.invokeMethod(MethodInvocationHelper.java:85)
	at org.testng.internal.Invoker.invokeMethod(Invoker.java:639)
	at org.testng.internal.Invoker.invokeTestMethod(Invoker.java:816)
	at org.testng.internal.Invoker.invokeTestMethods(Invoker.java:1124)
	at org.testng.internal.TestMethodWorker.invokeTestMethods(TestMethodWorker.java:125)
	at org.testng.internal.TestMethodWorker.run(TestMethodWorker.java:108)
	at org.testng.TestRunner.privateRun(TestRunner.java:774)
	at org.testng.TestRunner.run(TestRunner.java:624)
	at org.testng.SuiteRunner.runTest(SuiteRunner.java:359)
	at org.testng.SuiteRunner.runSequentially(SuiteRunner.java:354)
	at org.testng.SuiteRunner.privateRun(SuiteRunner.java:312)
	at org.testng.SuiteRunner.run(SuiteRunner.java:261)
	at org.testng.SuiteRunnerWorker.runSuite(SuiteRunnerWorker.java:52)
	at org.testng.SuiteRunnerWorker.run(SuiteRunnerWorker.java:86)
	at org.testng.TestNG.runSuitesSequentially(TestNG.java:1191)
	at org.testng.TestNG.runSuitesSequentially(TestNG.java:1187)
	at org.testng.TestNG.runSuitesLocally(TestNG.java:1116)
	at org.testng.TestNG.run(TestNG.java:1024)
	at org.testng.remote.AbstractRemoteTestNG.run(AbstractRemoteTestNG.java:114)
	at org.testng.remote.RemoteTestNG.initAndRun(RemoteTestNG.java:251)
	at org.testng.remote.RemoteTestNG.main(RemoteTestNG.java:77)
</stack-trace>
            </failure>
            <steps/>
            <attachments>
                <attachment title="Resultado de Multiplicacion" source="2602218a-36ea-4a68-b149-db8a545dec04-attachment.txt" type="text/plain"/>
            </attachments>
            <labels>
                <label name="testSuite" value="Pruebas de Aritmetica"/>
                <label name="testGroup" value="Prueba de operaciones basicas"/>
                <label name="testClass" value="PracticaEclipse.Unitarias.AritmeticaTest"/>
                <label name="testMethod" value="testMultiplicacion2"/>
                <label name="host" value="OCTI107.local"/>
                <label name="thread" value="5641@OCTI107.local.main(1)"/>
            </labels>
        </test-case>
        <test-case start="1520831955532" stop="1520831955535" status="failed">
            <name>testResta</name>
            <title>Prueba resta</title>
            <failure>
                <message>AssertionError: No da el mismo resultado se espereba: 5</message>
                <stack-trace>java.lang.AssertionError: No da el mismo resultado se espereba: 5
	at org.testng.Assert.fail(Assert.java:94)
	at PracticaEclipse.Unitarias.AritmeticaTest.testResta(AritmeticaTest.java:44)
	at sun.reflect.NativeMethodAccessorImpl.invoke0(Native Method)
	at sun.reflect.NativeMethodAccessorImpl.invoke(NativeMethodAccessorImpl.java:62)
	at sun.reflect.DelegatingMethodAccessorImpl.invoke(DelegatingMethodAccessorImpl.java:43)
	at java.lang.reflect.Method.invoke(Method.java:498)
	at org.testng.internal.MethodInvocationHelper.invokeMethod(MethodInvocationHelper.java:85)
	at org.testng.internal.Invoker.invokeMethod(Invoker.java:639)
	at org.testng.internal.Invoker.invokeTestMethod(Invoker.java:816)
	at org.testng.internal.Invoker.invokeTestMethods(Invoker.java:1124)
	at org.testng.internal.TestMethodWorker.invokeTestMethods(TestMethodWorker.java:125)
	at org.testng.internal.TestMethodWorker.run(TestMethodWorker.java:108)
	at org.testng.TestRunner.privateRun(TestRunner.java:774)
	at org.testng.TestRunner.run(TestRunner.java:624)
	at org.testng.SuiteRunner.runTest(SuiteRunner.java:359)
	at org.testng.SuiteRunner.runSequentially(SuiteRunner.java:354)
	at org.testng.SuiteRunner.privateRun(SuiteRunner.java:312)
	at org.testng.SuiteRunner.run(SuiteRunner.java:261)
	at org.testng.SuiteRunnerWorker.runSuite(SuiteRunnerWorker.java:52)
	at org.testng.SuiteRunnerWorker.run(SuiteRunnerWorker.java:86)
	at org.testng.TestNG.runSuitesSequentially(TestNG.java:1191)
	at org.testng.TestNG.runSuitesSequentially(TestNG.java:1187)
	at org.testng.TestNG.runSuitesLocally(TestNG.java:1116)
	at org.testng.TestNG.run(TestNG.java:1024)
	at org.testng.remote.AbstractRemoteTestNG.run(AbstractRemoteTestNG.java:114)
	at org.testng.remote.RemoteTestNG.initAndRun(RemoteTestNG.java:251)
	at org.testng.remote.RemoteTestNG.main(RemoteTestNG.java:77)
</stack-trace>
            </failure>
            <steps/>
            <attachments>
                <attachment title="Resultado resta" source="0e4814d9-cc50-4b54-98e2-1480bb140bde-attachment.txt" type="text/plain"/>
            </attachments>
            <labels>
                <label name="testSuite" value="Pruebas de Aritmetica"/>
                <label name="testGroup" value="Prueba de operaciones basicas"/>
                <label name="testClass" value="PracticaEclipse.Unitarias.AritmeticaTest"/>
                <label name="testMethod" value="testResta"/>
                <label name="host" value="OCTI107.local"/>
                <label name="thread" value="5641@OCTI107.local.main(1)"/>
            </labels>
        </test-case>
        <test-case start="1520831955532" stop="1520831955535" status="failed">
            <name>testResta</name>
            <title>Prueba resta</title>
            <failure>
                <message>AssertionError: No da el mismo resultado se espereba: 5</message>
                <stack-trace>java.lang.AssertionError: No da el mismo resultado se espereba: 5
	at org.testng.Assert.fail(Assert.java:94)
	at PracticaEclipse.Unitarias.AritmeticaTest.testResta(AritmeticaTest.java:44)
	at sun.reflect.NativeMethodAccessorImpl.invoke0(Native Method)
	at sun.reflect.NativeMethodAccessorImpl.invoke(NativeMethodAccessorImpl.java:62)
	at sun.reflect.DelegatingMethodAccessorImpl.invoke(DelegatingMethodAccessorImpl.java:43)
	at java.lang.reflect.Method.invoke(Method.java:498)
	at org.testng.internal.MethodInvocationHelper.invokeMethod(MethodInvocationHelper.java:85)
	at org.testng.internal.Invoker.invokeMethod(Invoker.java:639)
	at org.testng.internal.Invoker.invokeTestMethod(Invoker.java:816)
	at org.testng.internal.Invoker.invokeTestMethods(Invoker.java:1124)
	at org.testng.internal.TestMethodWorker.invokeTestMethods(TestMethodWorker.java:125)
	at org.testng.internal.TestMethodWorker.run(TestMethodWorker.java:108)
	at org.testng.TestRunner.privateRun(TestRunner.java:774)
	at org.testng.TestRunner.run(TestRunner.java:624)
	at org.testng.SuiteRunner.runTest(SuiteRunner.java:359)
	at org.testng.SuiteRunner.runSequentially(SuiteRunner.java:354)
	at org.testng.SuiteRunner.privateRun(SuiteRunner.java:312)
	at org.testng.SuiteRunner.run(SuiteRunner.java:261)
	at org.testng.SuiteRunnerWorker.runSuite(SuiteRunnerWorker.java:52)
	at org.testng.SuiteRunnerWorker.run(SuiteRunnerWorker.java:86)
	at org.testng.TestNG.runSuitesSequentially(TestNG.java:1191)
	at org.testng.TestNG.runSuitesSequentially(TestNG.java:1187)
	at org.testng.TestNG.runSuitesLocally(TestNG.java:1116)
	at org.testng.TestNG.run(TestNG.java:1024)
	at org.testng.remote.AbstractRemoteTestNG.run(AbstractRemoteTestNG.java:114)
	at org.testng.remote.RemoteTestNG.initAndRun(RemoteTestNG.java:251)
	at org.testng.remote.RemoteTestNG.main(RemoteTestNG.java:77)
</stack-trace>
            </failure>
            <steps/>
            <attachments>
                <attachment title="Resultado resta" source="0e4814d9-cc50-4b54-98e2-1480bb140bde-attachment.txt" type="text/plain"/>
            </attachments>
            <labels>
                <label name="testSuite" value="Pruebas de Aritmetica"/>
                <label name="testGroup" value="Prueba de operaciones basicas"/>
                <label name="testClass" value="PracticaEclipse.Unitarias.AritmeticaTest"/>
                <label name="testMethod" value="testResta"/>
                <label name="host" value="OCTI107.local"/>
                <label name="thread" value="5641@OCTI107.local.main(1)"/>
            </labels>
        </test-case>
        <test-case start="1520831955542" stop="1520831955542" status="passed">
            <name>testSuma</name>
            <title>Prueba de Suma</title>
            <steps/>
            <attachments/>
            <labels>
                <label name="testSuite" value="Pruebas de Aritmetica"/>
                <label name="testGroup" value="Prueba de operaciones basicas"/>
                <label name="testClass" value="PracticaEclipse.Unitarias.AritmeticaTest"/>
                <label name="testMethod" value="testSuma"/>
                <label name="host" value="OCTI107.local"/>
                <label name="thread" value="5641@OCTI107.local.main(1)"/>
            </labels>
        </test-case>
        <test-case start="1520831955542" stop="1520831955542" status="passed">
            <name>testSuma</name>
            <title>Prueba de Suma</title>
            <steps/>
            <attachments/>
            <labels>
                <label name="testSuite" value="Pruebas de Aritmetica"/>
                <label name="testGroup" value="Prueba de operaciones basicas"/>
                <label name="testClass" value="PracticaEclipse.Unitarias.AritmeticaTest"/>
                <label name="testMethod" value="testSuma"/>
                <label name="host" value="OCTI107.local"/>
                <label name="thread" value="5641@OCTI107.local.main(1)"/>
            </labels>
        </test-case>
    </test-cases>
    <labels>
        <label name="framework" value="TestNG"/>
        <label name="language" value="JAVA"/>
    </labels>
</ns2:test-suite>
