<?xml version="1.0" encoding="UTF-8" standalone="yes"?>
<ns2:test-suite start="1519064981478" stop="1519064981755" version="1.5.2" xmlns:ns2="urn:model.allure.qatools.yandex.ru">
    <name>Pruebas de Aritmetica : Prueba de operaciones basicas[numero1=1, numero2=2]</name>
    <title>Pruebas de Aritmetica : Prueba de operaciones basicas[numero1=1, numero2=2]</title>
    <test-cases>
        <test-case start="1519064981582" stop="1519064981588" status="passed">
            <name>testDivision</name>
            <title>Prueba dividir</title>
            <steps/>
            <attachments/>
            <labels>
                <label name="testSuite" value="Pruebas de Aritmetica"/>
                <label name="testGroup" value="Prueba de operaciones basicas"/>
                <label name="testClass" value="PracticaEclipse.Unitarias.AritmeticaTest"/>
                <label name="testMethod" value="testDivision"/>
                <label name="host" value="octi107.gmalv.grupomutual.com"/>
                <label name="thread" value="6392@octi107.gmalv.grupomutual.com.main(1)"/>
            </labels>
        </test-case>
        <test-case start="1519064981592" stop="1519064981592" status="passed">
            <name>testMultiplicacion</name>
            <title>Prueba multiplicar</title>
            <steps/>
            <attachments/>
            <labels>
                <label name="testSuite" value="Pruebas de Aritmetica"/>
                <label name="testGroup" value="Prueba de operaciones basicas"/>
                <label name="testClass" value="PracticaEclipse.Unitarias.AritmeticaTest"/>
                <label name="testMethod" value="testMultiplicacion"/>
                <label name="host" value="octi107.gmalv.grupomutual.com"/>
                <label name="thread" value="6392@octi107.gmalv.grupomutual.com.main(1)"/>
            </labels>
        </test-case>
        <test-case start="1519064981594" stop="1519064981737" status="failed">
            <name>testResta</name>
            <title>Prueba resta</title>
            <failure>
                <message>AssertionError: No da el mismo resultado se espereba: 5</message>
                <stack-trace>java.lang.AssertionError: No da el mismo resultado se espereba: 5
	at org.testng.Assert.fail(Assert.java:94)
	at PracticaEclipse.Unitarias.AritmeticaTest.testResta(AritmeticaTest.java:44)
	at sun.reflect.NativeMethodAccessorImpl.invoke0(Native Method)
	at sun.reflect.NativeMethodAccessorImpl.invoke(NativeMethodAccessorImpl.java:62)
	at sun.reflect.DelegatingMethodAccessorImpl.invoke(DelegatingMethodAccessorImpl.java:43)
	at java.lang.reflect.Method.invoke(Method.java:498)
	at org.testng.internal.MethodInvocationHelper.invokeMethod(MethodInvocationHelper.java:85)
	at org.testng.internal.Invoker.invokeMethod(Invoker.java:639)
	at org.testng.internal.Invoker.invokeTestMethod(Invoker.java:816)
	at org.testng.internal.Invoker.invokeTestMethods(Invoker.java:1124)
	at org.testng.internal.TestMethodWorker.invokeTestMethods(TestMethodWorker.java:125)
	at org.testng.internal.TestMethodWorker.run(TestMethodWorker.java:108)
	at org.testng.TestRunner.privateRun(TestRunner.java:774)
	at org.testng.TestRunner.run(TestRunner.java:624)
	at org.testng.SuiteRunner.runTest(SuiteRunner.java:359)
	at org.testng.SuiteRunner.runSequentially(SuiteRunner.java:354)
	at org.testng.SuiteRunner.privateRun(SuiteRunner.java:312)
	at org.testng.SuiteRunner.run(SuiteRunner.java:261)
	at org.testng.SuiteRunnerWorker.runSuite(SuiteRunnerWorker.java:52)
	at org.testng.SuiteRunnerWorker.run(SuiteRunnerWorker.java:86)
	at org.testng.TestNG.runSuitesSequentially(TestNG.java:1191)
	at org.testng.TestNG.runSuitesSequentially(TestNG.java:1187)
	at org.testng.TestNG.runSuitesLocally(TestNG.java:1116)
	at org.testng.TestNG.run(TestNG.java:1024)
	at org.apache.maven.surefire.testng.TestNGExecutor.run(TestNGExecutor.java:283)
	at org.apache.maven.surefire.testng.TestNGXmlTestSuite.execute(TestNGXmlTestSuite.java:75)
	at org.apache.maven.surefire.testng.TestNGProvider.invoke(TestNGProvider.java:120)
	at org.apache.maven.surefire.booter.ForkedBooter.invokeProviderInSameClassLoader(ForkedBooter.java:373)
	at org.apache.maven.surefire.booter.ForkedBooter.runSuitesInProcess(ForkedBooter.java:334)
	at org.apache.maven.surefire.booter.ForkedBooter.execute(ForkedBooter.java:119)
	at org.apache.maven.surefire.booter.ForkedBooter.main(ForkedBooter.java:407)
</stack-trace>
            </failure>
            <steps/>
            <attachments>
                <attachment title="Resultado resta" source="e378cd1d-e33c-4365-9d27-6dbbc8dfbbcf-attachment.txt" type="text/plain"/>
            </attachments>
            <labels>
                <label name="testSuite" value="Pruebas de Aritmetica"/>
                <label name="testGroup" value="Prueba de operaciones basicas"/>
                <label name="testClass" value="PracticaEclipse.Unitarias.AritmeticaTest"/>
                <label name="testMethod" value="testResta"/>
                <label name="host" value="octi107.gmalv.grupomutual.com"/>
                <label name="thread" value="6392@octi107.gmalv.grupomutual.com.main(1)"/>
            </labels>
        </test-case>
        <test-case start="1519064981738" stop="1519064981738" status="passed">
            <name>testSuma</name>
            <title>Prueba de Suma</title>
            <steps/>
            <attachments/>
            <labels>
                <label name="testSuite" value="Pruebas de Aritmetica"/>
                <label name="testGroup" value="Prueba de operaciones basicas"/>
                <label name="testClass" value="PracticaEclipse.Unitarias.AritmeticaTest"/>
                <label name="testMethod" value="testSuma"/>
                <label name="host" value="octi107.gmalv.grupomutual.com"/>
                <label name="thread" value="6392@octi107.gmalv.grupomutual.com.main(1)"/>
            </labels>
        </test-case>
    </test-cases>
    <labels>
        <label name="framework" value="TestNG"/>
        <label name="language" value="JAVA"/>
    </labels>
</ns2:test-suite>
