{
  "defectsList" : [ {
    "title" : "Product defects",
    "status" : "FAILED",
    "defects" : [ {
      "uid" : "af2123363f6ef3e4",
      "failure" : {
        "message" : "AssertionError: No da el mismo resultado se espereba: 5",
        "stackTrace" : "java.lang.AssertionError: No da el mismo resultado se espereba: 5\n\tat org.testng.Assert.fail(Assert.java:94)\n\tat PracticaEclipse.Unitarias.AritmeticaTest.testResta(AritmeticaTest.java:44)\n\tat sun.reflect.NativeMethodAccessorImpl.invoke0(Native Method)\n\tat sun.reflect.NativeMethodAccessorImpl.invoke(NativeMethodAccessorImpl.java:62)\n\tat sun.reflect.DelegatingMethodAccessorImpl.invoke(DelegatingMethodAccessorImpl.java:43)\n\tat java.lang.reflect.Method.invoke(Method.java:498)\n\tat org.testng.internal.MethodInvocationHelper.invokeMethod(MethodInvocationHelper.java:85)\n\tat org.testng.internal.Invoker.invokeMethod(Invoker.java:639)\n\tat org.testng.internal.Invoker.invokeTestMethod(Invoker.java:816)\n\tat org.testng.internal.Invoker.invokeTestMethods(Invoker.java:1124)\n\tat org.testng.internal.TestMethodWorker.invokeTestMethods(TestMethodWorker.java:125)\n\tat org.testng.internal.TestMethodWorker.run(TestMethodWorker.java:108)\n\tat org.testng.TestRunner.privateRun(TestRunner.java:774)\n\tat org.testng.TestRunner.run(TestRunner.java:624)\n\tat org.testng.SuiteRunner.runTest(SuiteRunner.java:359)\n\tat org.testng.SuiteRunner.runSequentially(SuiteRunner.java:354)\n\tat org.testng.SuiteRunner.privateRun(SuiteRunner.java:312)\n\tat org.testng.SuiteRunner.run(SuiteRunner.java:261)\n\tat org.testng.SuiteRunnerWorker.runSuite(SuiteRunnerWorker.java:52)\n\tat org.testng.SuiteRunnerWorker.run(SuiteRunnerWorker.java:86)\n\tat org.testng.TestNG.runSuitesSequentially(TestNG.java:1191)\n\tat org.testng.TestNG.runSuitesSequentially(TestNG.java:1187)\n\tat org.testng.TestNG.runSuitesLocally(TestNG.java:1116)\n\tat org.testng.TestNG.run(TestNG.java:1024)\n\tat org.apache.maven.surefire.testng.TestNGExecutor.run(TestNGExecutor.java:283)\n\tat org.apache.maven.surefire.testng.TestNGXmlTestSuite.execute(TestNGXmlTestSuite.java:75)\n\tat org.apache.maven.surefire.testng.TestNGProvider.invoke(TestNGProvider.java:120)\n\tat org.apache.maven.surefire.booter.ForkedBooter.invokeProviderInSameClassLoader(ForkedBooter.java:373)\n\tat org.apache.maven.surefire.booter.ForkedBooter.runSuitesInProcess(ForkedBooter.java:334)\n\tat org.apache.maven.surefire.booter.ForkedBooter.execute(ForkedBooter.java:119)\n\tat org.apache.maven.surefire.booter.ForkedBooter.main(ForkedBooter.java:407)\n"
      },
      "testCases" : [ {
        "uid" : "9abc74b02f8506a6",
        "name" : "testResta",
        "title" : "Prueba resta",
        "time" : {
          "start" : 1519064981594,
          "stop" : 1519064981737,
          "duration" : 143
        },
        "severity" : "NORMAL",
        "status" : "FAILED"
      } ]
    } ]
  }, {
    "title" : "Test defects",
    "status" : "BROKEN",
    "defects" : [ ]
  } ]
}